INFO  2021-03-09 23:10:22 : 
	 ____________________________________
	|                                    |
	|       Home Automation Server       |
	|       Version 1.0.0b               |
	|                                    |
	|       Made by :                    |
	|       - William KOEHLER            |
	|                                    |
	|       This server is using :       |
	|       - spdlog                     |
	|       - Boost                      |
	|       - openssl                    |
	|       - rapidjson                  |
	|       - jwt-cpp                    |
	|       - xxHash                     |
	|       - cppcodec                   |
	|       - libquickmail               |
	|____________________________________|

INFO  2021-03-09 23:10:22 : Using OpenSSL 1.1.1f  31 Mar 2020
INFO  2021-03-09 23:10:22 : Using Boost v1_75
INFO  2021-03-09 23:10:22 : Using LibQuickMail v0.1.29
INFO  2021-03-09 23:10:22 : Starting HomeAutomation server v1.0.0b
ERROR 2021-03-09 23:10:22 : Open/find 'plugins/plugins-info.json'
INFO  2021-03-09 23:10:59 : 
	 ____________________________________
	|                                    |
	|       Home Automation Server       |
	|       Version 1.0.0b               |
	|                                    |
	|       Made by :                    |
	|       - William KOEHLER            |
	|                                    |
	|       This server is using :       |
	|       - spdlog                     |
	|       - Boost                      |
	|       - openssl                    |
	|       - rapidjson                  |
	|       - jwt-cpp                    |
	|       - xxHash                     |
	|       - cppcodec                   |
	|       - libquickmail               |
	|____________________________________|

INFO  2021-03-09 23:10:59 : Using OpenSSL 1.1.1f  31 Mar 2020
INFO  2021-03-09 23:10:59 : Using Boost v1_75
INFO  2021-03-09 23:10:59 : Using LibQuickMail v0.1.29
INFO  2021-03-09 23:10:59 : Starting HomeAutomation server v1.0.0b
ERROR 2021-03-09 23:10:59 : Open/find 'plugins/plugins-info.json'
